Arguments: 
  /home/student/.nvm/versions/node/v8.10.0/bin/node /usr/share/yarn/bin/yarn.js test reducersUsers

PATH: 
  /home/student/.nvm/versions/node/v8.10.0/bin:/usr/local/sbin:/usr/local/bin:/usr/sbin:/usr/bin:/sbin:/bin:/usr/games:/usr/local/games

Yarn version: 
  1.5.1

Node version: 
  8.10.0

Platform: 
  linux x64

npm manifest: 
  {
    "name": "boilerplate-react-webpack",
    "version": "0.1.1",
    "description": "A webpack React starter",
    "repository": "https://github.com/dev-academy-challenges/boilerplate-react-webpack.git",
    "main": "server/index.js",
    "scripts": {
      "postinstall": "webpack",
      "dev": "nodemon --watch server server/index & webpack --watch",
      "start": "node server/index",
      "test": "jest",
      "watch": "nodemon -e js,jsx -x npm test",
      "h:deploy": "git push heroku master",
      "h:migrate": "heroku run knex migrate:latest",
      "h:rollback": "heroku run knex migrate:rollback",
      "h:seed": "heroku run knex seed:run",
      "knex": "knex"
    },
    "ava": {
      "require": "babel-register",
      "babel": "inherit"
    },
    "babel": {
      "presets": [
        "es2015",
        "react",
        "stage-0"
      ]
    },
    "author": "EDA",
    "license": "ISC",
    "devDependencies": {
      "ava": "^0.19.1",
      "enzyme": "^2.8.2",
      "nodemon": "^1.11.0",
      "sqlite3": "^3.1.8",
      "supertest": "^3.0.0"
    },
    "dependencies": {
      "babel-core": "^6.24.1",
      "babel-loader": "^6.4.1",
      "babel-preset-es2015": "^6.24.1",
      "babel-preset-react": "^6.24.1",
      "babel-preset-stage-0": "^6.24.1",
      "babel-register": "^6.24.1",
      "bcrypt": "^1.0.3",
      "body-parser": "^1.15.2",
      "cors": "^2.8.3",
      "dotenv": "^4.0.0",
      "express": "^4.14.0",
      "express-jwt": "^5.3.0",
      "jest": "^23.4.0",
      "jsdom": "^11.0.0",
      "jsonwebtoken": "^7.4.3",
      "jsx-loader": "^0.13.2",
      "jwt-decode": "^2.2.0",
      "knex": "^0.13.0",
      "passport": "^0.4.0",
      "pg": "^6.2.3",
      "react": "^15.5.4",
      "react-dom": "^15.5.4",
      "react-redux": "^5.0.5",
      "react-router-dom": "^4.1.1",
      "react-test-renderer": "^15.5.4",
      "redux": "^3.6.0",
      "redux-thunk": "^2.2.0",
      "superagent": "^2.2.0",
      "webpack": "^2.3.3",
      "webpack-dev-server": "^2.4.2"
    }
  }

yarn manifest: 
  No manifest

Lockfile: 
  No lockfile

Trace: 
  Error: Command failed.
  Exit code: 1
  Command: sh
  Arguments: -c jest reducersUsers
  Directory: /home/student/workspace/show-me-the-money
  Output:
  
      at ProcessTermError.MessageError (/usr/share/yarn/lib/cli.js:186:110)
      at new ProcessTermError (/usr/share/yarn/lib/cli.js:226:113)
      at ChildProcess.<anonymous> (/usr/share/yarn/lib/cli.js:30281:17)
      at emitTwo (events.js:126:13)
      at ChildProcess.emit (events.js:214:7)
      at maybeClose (internal/child_process.js:925:16)
      at Process.ChildProcess._handle.onexit (internal/child_process.js:209:5)
